_HiStOrY_V2_
UPDATE\040tabDocField
SET\040link_filters\040=\040'{"status":\040"Active"}'
WHERE\040parent\040=\040'Class\040Attendance'\040AND\040fieldname\040=\040'class_link';
UPDATE\040tabDocField\040SET\040link_filters\040=\040'{"status":\040"Active"}'\040WHERE\040parent\040=\040'Class\040Attendance'\040AND\040fieldname\040=\040'class_link';
bench\040--site\040erp.amey.local\040clear-cache
bench\040--site\040erp.amey.local\040migrate
exit
UPDATE\040tabDocField
SET\040link_filters\040=\040"status=='Active'"
WHERE\040parent\040=\040'Class\040Attendance'\040AND\040fieldname\040=\040'class_link';
UPDATE\040tabDocField\040SET\040link_filters\040=\040"status=='Active'"\040WHERE\040parent\040=\040'Class\040Attendance'\040AND\040fieldname\040=\040'class_link';
UPDATE\040tabDocField
SET\040link_filters\040=\040"status=='Active'"
WHERE\040parent\040=\040'Class\040Attendance'\040AND\040fieldname\040=\040'class_link';
UPDATE\040tabDocField\040SET\040link_filters\040=\040"status=='Active'"\040WHERE\040parent\040=\040'Class\040Attendance'\040AND\040fieldname\040=\040'class_link';
UPDATE\040tabDocField
SET\040link_filters\040=\040'{"filters":"status==\134\134\134"Active\134\134\134""}'
WHERE\040parent\040=\040'Class\040Attendance'\040AND\040fieldname\040=\040'class_link';
UPDATE\040tabDocField\040SET\040link_filters\040=\040'{"filters":"status==\134\134\134"Active\134\134\134""}'\040WHERE\040parent\040=\040'Class\040Attendance'\040AND\040fieldname\040=\040'class_link';
exit;
UPDATE\040`tabDocField`
SET\040`link_filters`\040=\040'{"status":\040"Active"}'
WHERE\040`parent`\040=\040'Class\040Attendance'\040AND\040`fieldname`\040=\040'class_link';
UPDATE\040`tabDocField`\040SET\040`link_filters`\040=\040'{"status":\040"Active"}'\040WHERE\040`parent`\040=\040'Class\040Attendance'\040AND\040`fieldname`\040=\040'class_link';
UPDATE\040`tabDocField`
SET\040`link_filters`\040=\040NULL
WHERE\040`parent`\040=\040'Class\040Attendance'\040AND\040`fieldname`\040=\040'class_link';
UPDATE\040`tabDocField`\040SET\040`link_filters`\040=\040NULL\040WHERE\040`parent`\040=\040'Class\040Attendance'\040AND\040`fieldname`\040=\040'class_link';
UPDATE\040`tabDocField`
SET\040`link_filters`\040=\040NULL
WHERE\040`parent`\040=\040'Class\040Attendance'\040AND\040`fieldname`\040=\040'class_link';
UPDATE\040`tabDocField`\040SET\040`link_filters`\040=\040NULL\040WHERE\040`parent`\040=\040'Class\040Attendance'\040AND\040`fieldname`\040=\040'class_link';
